{"level":30,"time":"[2025-02-13 09:08:59]","msg":"No R01 Found"}
{"level":30,"time":"[2025-02-13 12:15:27]","msg":"No R01 Found"}
{"level":30,"time":"[2025-02-13 13:40:06]","msg":"No R01 Found"}
{"level":30,"time":"[2025-02-13 13:42:54]","msg":"No R01 Found"}
{"level":30,"time":"[2025-02-13 13:44:16]","msg":"Found .r01 file(s): 00014759951.R01"}
{"level":30,"time":"[2025-02-13 13:44:18]","msg":"No R01 Found"}
{"level":30,"time":"[2025-02-13 13:51:34]","msg":"No R01 Found"}
{"level":30,"time":"[2025-02-13 13:52:11]","msg":"No R01 Found"}
{"level":30,"time":"[2025-02-13 13:52:59]","msg":"Found .r01 file(s): 00014759941.R01,00014759951.R01"}
{"level":30,"time":"[2025-02-13 13:53:01]","msg":"Found .r01 file(s): 00014759941.R01,00014759951.R01"}
{"level":30,"time":"[2025-02-13 13:53:03]","msg":"Found .r01 file(s): 00014759951.R01"}
{"level":30,"time":"[2025-02-13 13:53:05]","msg":"No R01 Found"}
{"level":30,"time":"[2025-02-13 13:53:29]","msg":"Found .r01 file(s): 00014759891.R01,00014759901.R01,00014759941.R01,00014759951.R01"}
{"level":30,"time":"[2025-02-13 13:53:31]","msg":"Found .r01 file(s): 00014759891.R01,00014759901.R01,00014759941.R01,00014759951.R01"}
{"level":30,"time":"[2025-02-13 13:53:33]","msg":"Found .r01 file(s): 00014759901.R01,00014759941.R01,00014759951.R01"}
{"level":30,"time":"[2025-02-13 13:53:35]","msg":"Found .r01 file(s): 00014759941.R01,00014759951.R01"}
{"level":30,"time":"[2025-02-13 13:53:37]","msg":"Found .r01 file(s): 00014759951.R01"}
{"level":30,"time":"[2025-02-13 13:53:39]","msg":"No R01 Found"}
{"level":30,"time":"[2025-02-13 13:54:42]","msg":"No R01 Found"}
{"level":30,"time":"[2025-02-13 13:54:54]","msg":"No R01 Found"}
{"level":30,"time":"[2025-02-13 13:56:58]","msg":"No R01 Found"}
{"level":30,"time":"[2025-02-13 13:58:36]","msg":"No R01 Found"}
{"level":30,"time":"[2025-02-13 13:59:04]","msg":"No R01 Found"}
{"level":30,"time":"[2025-02-13 14:03:01]","msg":"No R01 Found"}
{"level":30,"time":"[2025-02-13 14:03:17]","msg":"Found .r01 file(s): 00014759851.R01,00014759881.R01,00014759891.R01,00014759901.R01,00014759941.R01,00014759951.R01"}
{"level":30,"time":"[2025-02-13 14:03:19]","msg":"Found .r01 file(s): 00014759851.R01,00014759881.R01,00014759891.R01,00014759901.R01,00014759941.R01,00014759951.R01"}
{"level":30,"time":"[2025-02-13 14:03:21]","msg":"Found .r01 file(s): 00014759881.R01,00014759891.R01,00014759901.R01,00014759941.R01,00014759951.R01"}
{"level":30,"time":"[2025-02-13 14:03:23]","msg":"Found .r01 file(s): 00014759891.R01,00014759901.R01,00014759941.R01,00014759951.R01"}
{"level":30,"time":"[2025-02-13 14:03:25]","msg":"Found .r01 file(s): 00014759901.R01,00014759941.R01,00014759951.R01"}
{"level":30,"time":"[2025-02-13 14:03:27]","msg":"Found .r01 file(s): 00014759941.R01,00014759951.R01"}
{"level":30,"time":"[2025-02-13 14:03:29]","msg":"Found .r01 file(s): 00014759951.R01"}
{"level":30,"time":"[2025-02-13 14:03:31]","msg":"No R01 Found"}
{"level":30,"time":"[2025-02-13 14:04:51]","msg":"No R01 Found"}
{"level":30,"time":"[2025-02-13 14:05:34]","msg":"No R01 Found"}
{"level":30,"time":"[2025-02-13 14:05:47]","msg":"No R01 Found"}
{"level":30,"time":"[2025-02-13 14:07:01]","msg":"No R01 Found"}
{"level":30,"time":"[2025-02-13 14:08:39]","msg":"No R01 Found"}
{"level":30,"time":"[2025-02-13 14:14:40]","msg":"No R01 Found"}
{"level":30,"time":"[2025-02-13 14:16:25]","msg":"No R01 Found"}
{"level":30,"time":"[2025-02-13 14:16:40]","msg":"No R01 Found"}
{"level":30,"time":"[2025-02-13 14:19:17]","msg":"No R01 Found"}
{"level":30,"time":"[2025-02-13 14:19:41]","msg":"No R01 Found"}
{"level":30,"time":"[2025-02-13 14:22:36]","msg":"No R01 Found"}
{"level":30,"time":"[2025-02-13 14:22:50]","msg":"No R01 Found"}
{"level":30,"time":"[2025-02-13 14:24:06]","msg":"No R01 Found"}
{"level":30,"time":"[2025-02-13 14:25:46]","msg":"No R01 Found"}
{"level":30,"time":"[2025-02-13 14:26:26]","msg":"No R01 Found"}
{"level":30,"time":"[2025-02-13 14:27:06]","msg":"No R01 Found"}
{"level":30,"time":"[2025-02-13 14:29:39]","msg":"No R01 Found"}
{"level":30,"time":"[2025-02-13 14:30:07]","msg":"No R01 Found"}
{"level":30,"time":"[2025-02-13 14:30:43]","msg":"No R01 Found"}
{"level":30,"time":"[2025-02-13 14:32:51]","msg":"No R01 Found"}
